\BOOKMARK [1][-]{Portada.1}{\376\377\000P\000o\000r\000t\000a\000d\000a}{}% 1
\BOOKMARK [1][-]{Indice General.1}{\376\377\000I\000n\000d\000i\000c\000e\000\040\000G\000e\000n\000e\000r\000a\000l}{}% 2
\BOOKMARK [0][-]{chapter*.6}{\376\377\000\315\000n\000d\000i\000c\000e\000\040\000d\000e\000\040\000f\000i\000g\000u\000r\000a\000s}{}% 3
\BOOKMARK [0][-]{chapter*.7}{\376\377\000\315\000n\000d\000i\000c\000e\000\040\000d\000e\000\040\000t\000a\000b\000l\000a\000s}{}% 4
\BOOKMARK [0][-]{chapter*.9}{\376\377\000R\000e\000v\000i\000s\000a\000r}{}% 5
\BOOKMARK [0][-]{chapter.1}{\376\377\0001\000\040\000I\000n\000t\000r\000o\000d\000u\000c\000c\000i\000\363\000n}{}% 6
\BOOKMARK [1][-]{section.1.1}{\376\377\0001\000.\0001\000\040\000P\000r\000o\000c\000e\000s\000o\000\040\000d\000e\000\040\000d\000i\000s\000e\000\361\000o\000\040\000d\000e\000\040\000l\000o\000s\000\040\000s\000i\000s\000t\000e\000m\000a\000s\000\040\000d\000e\000\040\000G\000u\000\355\000a\000,\000\040\000N\000a\000v\000e\000g\000a\000c\000i\000\363\000n\000\040\000y\000\040\000C\000o\000n\000t\000r\000o\000l\000\040\000e\000s\000p\000a\000c\000i\000a\000l}{chapter.1}% 7
\BOOKMARK [2][-]{subsection.1.1.1}{\376\377\0001\000.\0001\000.\0001\000\040\000R\000e\000q\000u\000e\000r\000i\000m\000i\000e\000n\000t\000o\000s\000\040\000d\000e\000\040\000l\000o\000s\000\040\000s\000i\000s\000t\000e\000m\000a\000s}{section.1.1}% 8
\BOOKMARK [1][-]{section.1.2}{\376\377\0001\000.\0002\000\040\000S\000i\000s\000t\000e\000m\000a\000s\000\040\000e\000m\000b\000e\000b\000i\000d\000o\000s\000\040\000p\000a\000r\000a\000\040\000l\000o\000s\000\040\000s\000i\000s\000t\000e\000m\000a\000s\000\040\000G\000N\000C}{chapter.1}% 9
\BOOKMARK [2][-]{subsection.1.2.1}{\376\377\0001\000.\0002\000.\0001\000\040\000M\000a\000r\000c\000o\000\040\000d\000e\000\040\000T\000r\000a\000b\000a\000j\000o\000\040\000Y\000o\000c\000t\000o\000\040\000P\000r\000o\000j\000e\000c\000t}{section.1.2}% 10
\BOOKMARK [1][-]{section.1.3}{\376\377\0001\000.\0003\000\040\000D\000o\000n\000d\000e\000\040\000s\000e\000\040\000u\000b\000i\000c\000a\000\040\000d\000e\000n\000t\000r\000o\000\040\000d\000e\000l\000\040\000f\000l\000u\000j\000o\000\040\000d\000e\000\040\000c\000o\000n\000t\000r\000o\000l}{chapter.1}% 11
\BOOKMARK [1][-]{section.1.4}{\376\377\0001\000.\0004\000\040\000H\000a\000r\000d\000w\000a\000r\000e\000\040\000e\000n\000\040\000e\000l\000\040\000l\000o\000o\000p}{chapter.1}% 12
\BOOKMARK [1][-]{section.1.5}{\376\377\0001\000.\0005\000\040\000O\000b\000j\000e\000t\000i\000v\000o\000s\000\040\000y\000\040\000e\000s\000t\000r\000u\000c\000t\000u\000r\000a\000\040\000d\000e\000l\000\040\000d\000o\000c\000u\000m\000e\000n\000t\000o}{chapter.1}% 13
\BOOKMARK [0][-]{chapter.2}{\376\377\0002\000\040\000M\000a\000r\000c\000o\000\040\000t\000e\000\363\000r\000i\000c\000o}{}% 14
\BOOKMARK [1][-]{section.2.1}{\376\377\0002\000.\0001\000\040\000E\000s\000t\000i\000m\000a\000c\000i\000\363\000n}{chapter.2}% 15
\BOOKMARK [1][-]{section.2.2}{\376\377\0002\000.\0002\000\040\000C\000o\000n\000t\000r\000o\000l}{chapter.2}% 16
\BOOKMARK [1][-]{section.2.3}{\376\377\0002\000.\0003\000\040\000P\000r\000o\000c\000e\000s\000a\000d\000o\000r\000e\000s\000\040\000e\000m\000b\000e\000b\000i\000d\000o\000s}{chapter.2}% 17
\BOOKMARK [2][-]{subsection.2.3.1}{\376\377\0002\000.\0003\000.\0001\000\040\000C\000o\000r\000t\000e\000x\000-\000A\0009}{section.2.3}% 18
\BOOKMARK [2][-]{subsection.2.3.2}{\376\377\0002\000.\0003\000.\0002\000\040\000T\000a\000r\000j\000e\000t\000a\000\040\000d\000e\000\040\000d\000e\000s\000a\000r\000r\000o\000l\000l\000o\000\040\000Z\000e\000d\000B\000o\000a\000r\000d}{section.2.3}% 19
\BOOKMARK [1][-]{section.2.4}{\376\377\0002\000.\0004\000\040\000M\000a\000r\000c\000o\000s\000\040\000d\000e\000\040\000t\000r\000a\000b\000a\000j\000o}{chapter.2}% 20
\BOOKMARK [2][-]{subsection.2.4.1}{\376\377\0002\000.\0004\000.\0001\000\040\000Y\000O\000C\000T\000O}{section.2.4}% 21
\BOOKMARK [1][-]{section.2.5}{\376\377\0002\000.\0005\000\040\000M\000A\000T\000L\000A\000B}{chapter.2}% 22
\BOOKMARK [2][-]{subsection.2.5.1}{\376\377\0002\000.\0005\000.\0001\000\040\000S\000i\000m\000u\000l\000i\000n\000k}{section.2.5}% 23
\BOOKMARK [1][-]{section.2.6}{\376\377\0002\000.\0006\000\040\000T\000r\000a\000n\000s\000f\000o\000r\000m\000a\000c\000i\000\363\000n\000\040\000d\000e\000\040\000m\000o\000d\000e\000l\000o\000\040\000a\000\040\000m\000o\000d\000e\000l\000o}{chapter.2}% 24
\BOOKMARK [2][-]{subsection.2.6.1}{\376\377\0002\000.\0006\000.\0001\000\040\000M\000A\000T\000L\000A\000B\000\040\000E\000m\000b\000e\000d\000d\000e\000d\000\040\000C\000o\000d\000e\000r}{section.2.6}% 25
\BOOKMARK [2][-]{subsection.2.6.2}{\376\377\0002\000.\0006\000.\0002\000\040\000M\000A\000T\000L\000A\000B\000\040\000S\000i\000m\000u\000l\000i\000n\000k\000\040\000C\000o\000d\000e\000r}{section.2.6}% 26
\BOOKMARK [1][-]{section.2.7}{\376\377\0002\000.\0007\000\040\000C\000\363\000d\000i\000g\000o\000\040\000e\000m\000b\000e\000b\000i\000d\000o}{chapter.2}% 27
\BOOKMARK [1][-]{section.2.8}{\376\377\0002\000.\0008\000\040\000C\000o\000m\000p\000i\000l\000a\000c\000i\000\363\000n\000\040\000C\000r\000u\000z\000a\000d\000a}{chapter.2}% 28
\BOOKMARK [1][-]{section.2.9}{\376\377\0002\000.\0009\000\040\000C\000o\000n\000t\000e\000n\000e\000d\000o\000r\000e\000s}{chapter.2}% 29
\BOOKMARK [1][-]{section.2.10}{\376\377\0002\000.\0001\0000\000\040\000P\000r\000o\000t\000o\000c\000o\000l\000o\000s\000\040\000d\000e\000\040\000C\000o\000m\000u\000n\000i\000c\000a\000c\000i\000\363\000n}{chapter.2}% 30
\BOOKMARK [2][-]{subsection.2.10.1}{\376\377\0002\000.\0001\0000\000.\0001\000\040\000U\000A\000R\000T}{section.2.10}% 31
\BOOKMARK [2][-]{subsection.2.10.2}{\376\377\0002\000.\0001\0000\000.\0002\000\040\000S\000S\000H}{section.2.10}% 32
\BOOKMARK [1][-]{section.2.11}{\376\377\0002\000.\0001\0001\000\040\000C\000o\000m\000p\000u\000t\000a\000d\000o\000r\000a\000s\000\040\000d\000e\000\040\000g\000u\000\355\000a\000,\000\040\000n\000a\000v\000e\000g\000a\000c\000i\000\363\000n\000\040\000y\000\040\000c\000o\000n\000t\000r\000o\000l}{chapter.2}% 33
\BOOKMARK [2][-]{subsection.2.11.1}{\376\377\0002\000.\0001\0001\000.\0001\000\040\000E\000X\000A\000\040\000I\000C\000E\000P\000S}{section.2.11}% 34
\BOOKMARK [1][-]{section.2.12}{\376\377\0002\000.\0001\0002\000\040\000R\000e\000v\000i\000s\000i\000\363\000n\000\040\000l\000i\000t\000e\000r\000a\000r\000i\000a}{chapter.2}% 35
\BOOKMARK [2][-]{subsection.2.12.1}{\376\377\0002\000.\0001\0002\000.\0001\000\040\000D\000e\000s\000a\000r\000r\000o\000l\000l\000o\000\040\000d\000e\000\040\000s\000i\000s\000t\000e\000m\000a\000s\000\040\000d\000e\000\040\000n\000a\000v\000e\000g\000a\000c\000i\000\363\000n}{section.2.12}% 36
\BOOKMARK [2][-]{subsection.2.12.2}{\376\377\0002\000.\0001\0002\000.\0002\000\040\000T\000r\000a\000n\000s\000f\000o\000r\000m\000a\000c\000i\000\363\000n\000\040\000d\000e\000\040\000L\000e\000n\000g\000u\000a\000j\000e\000\040\000d\000e\000\040\000B\000l\000o\000q\000u\000e\000s\000\040\000a\000\040\000C\000\363\000d\000i\000g\000o\000\040\000C}{section.2.12}% 37
\BOOKMARK [1][-]{section.2.13}{\376\377\0002\000.\0001\0003\000\040\000A\000v\000a\000n\000c\000e\000s\000\040\000r\000e\000c\000i\000e\000n\000t\000e\000s\000\040\000e\000n\000\040\000G\000N\000C\000s\000\040}{chapter.2}% 38
\BOOKMARK [2][-]{subsection.2.13.1}{\376\377\0002\000.\0001\0003\000.\0001\000\040\000P\000r\000o\000g\000r\000a\000m\000a\000c\000i\000\363\000n\000\040\000d\000e\000\040\000S\000i\000s\000t\000e\000m\000a\000s\000\040\000G\000N\000C}{section.2.13}% 39
\BOOKMARK [0][-]{chapter.3}{\376\377\0003\000\040\000P\000l\000a\000t\000a\000f\000o\000r\000m\000a\000\040\000d\000e\000\040\000d\000e\000s\000a\000r\000r\000o\000l\000l\000o}{}% 40
\BOOKMARK [1][-]{section.3.1}{\376\377\0003\000.\0001\000\040\000S\000e\000l\000e\000c\000c\000i\000\363\000n\000\040\000d\000e\000\040\000l\000a\000\040\000t\000a\000r\000j\000e\000t\000a\000\040\000d\000e\000\040\000d\000e\000s\000a\000r\000r\000o\000l\000l\000o}{chapter.3}% 41
\BOOKMARK [2][-]{subsection.3.1.1}{\376\377\0003\000.\0001\000.\0001\000\040\000R\000e\000q\000u\000e\000r\000i\000m\000i\000e\000n\000t\000o\000s\000\040\000d\000e\000\040\000l\000a\000\040\000a\000p\000l\000i\000c\000a\000c\000i\000\363\000n}{section.3.1}% 42
\BOOKMARK [2][-]{subsection.3.1.2}{\376\377\0003\000.\0001\000.\0002\000\040\000T\000a\000r\000j\000e\000t\000a\000s\000\040\000c\000a\000n\000d\000i\000d\000a\000t\000a\000s}{section.3.1}% 43
\BOOKMARK [2][-]{subsection.3.1.3}{\376\377\0003\000.\0001\000.\0003\000\040\000C\000r\000i\000t\000e\000r\000i\000o\000s\000\040\000d\000e\000\040\000c\000o\000m\000p\000a\000r\000a\000c\000i\000\363\000n}{section.3.1}% 44
\BOOKMARK [1][-]{section.3.2}{\376\377\0003\000.\0002\000\040\000M\000a\000t\000r\000i\000z\000\040\000d\000e\000\040\000P\000u\000g\000h}{chapter.3}% 45
\BOOKMARK [1][-]{section.3.3}{\376\377\0003\000.\0003\000\040\000P\000l\000a\000t\000a\000f\000o\000r\000m\000a\000\040\000s\000e\000l\000e\000c\000c\000i\000o\000n\000a\000d\000a}{chapter.3}% 46
\BOOKMARK [2][-]{subsection.3.3.1}{\376\377\0003\000.\0003\000.\0001\000\040\000E\000s\000p\000e\000c\000i\000f\000i\000c\000a\000c\000i\000o\000n\000e\000s\000\040\000p\000r\000i\000n\000c\000i\000p\000a\000l\000e\000s}{section.3.3}% 47
\BOOKMARK [1][-]{section.3.4}{\376\377\0003\000.\0004\000\040\000R\000e\000f\000l\000e\000x\000i\000\363\000n\000\040\000f\000i\000n\000a\000l}{chapter.3}% 48
\BOOKMARK [0][-]{chapter.4}{\376\377\0004\000\040\000S\000\355\000n\000t\000e\000s\000i\000s\000\040\000d\000e\000\040\000s\000o\000f\000t\000w\000a\000r\000e\000\040\000p\000a\000r\000a\000\040\000G\000N\000C\000\040\000e\000m\000b\000e\000b\000i\000d\000o}{}% 49
\BOOKMARK [1][-]{section.4.1}{\376\377\0004\000.\0001\000\040\000C\000r\000e\000a\000c\000i\000\363\000n\000\040\000d\000e\000\040\000l\000o\000s\000\040\000e\000n\000t\000o\000r\000n\000o\000s\000\040\000d\000e\000\040\000d\000e\000s\000a\000r\000r\000o\000l\000l\000o}{chapter.4}% 50
\BOOKMARK [2][-]{subsection.4.1.1}{\376\377\0004\000.\0001\000.\0001\000\040\000M\000A\000T\000L\000A\000B}{section.4.1}% 51
\BOOKMARK [2][-]{subsection.4.1.2}{\376\377\0004\000.\0001\000.\0002\000\040\000C\000o\000n\000t\000e\000n\000e\000d\000o\000r\000e\000s}{section.4.1}% 52
\BOOKMARK [1][-]{section.4.2}{\376\377\0004\000.\0002\000\040\000C\000a\000s\000o\000\040\000d\000e\000\040\000e\000s\000t\000u\000d\000i\000o\000\040\0001\000\040\000-\000\040\000F\000i\000l\000t\000r\000o\000\040\000B\000\341\000s\000i\000c\000o\000\040\000e\000n\000\040\000M\000A\000T\000L\000A\000B}{chapter.4}% 53
\BOOKMARK [2][-]{subsection.4.2.1}{\376\377\0004\000.\0002\000.\0001\000\040\000S\000i\000m\000u\000l\000a\000c\000i\000\363\000n\000\040\000d\000e\000l\000\040\000c\000a\000s\000o\000\040\000d\000e\000\040\000e\000s\000t\000u\000d\000i\000o\000\040\000e\000n\000\040\000M\000A\000T\000L\000A\000B\000\040\000S\000i\000m\000u\000l\000i\000n\000k}{section.4.2}% 54
\BOOKMARK [1][-]{section.4.3}{\376\377\0004\000.\0003\000\040\000F\000l\000u\000j\000o\000\040\000d\000e\000\040\000t\000r\000a\000b\000a\000j\000o\000\040\000d\000e\000\040\000l\000a\000\040\000a\000p\000l\000i\000c\000a\000c\000i\000\363\000n\000\040\000d\000e\000\040\000t\000r\000a\000n\000s\000f\000o\000r\000m\000a\000c\000i\000\363\000n\000\040\000d\000e\000\040\000m\000o\000d\000e\000l\000o\000\040\000a\000\040\000m\000o\000d\000e\000l\000o}{chapter.4}% 55
\BOOKMARK [2][-]{subsection.4.3.1}{\376\377\0004\000.\0003\000.\0001\000\040\000S\000i\000m\000u\000l\000i\000n\000k\000\040\000C\000o\000d\000e\000r}{section.4.3}% 56
\BOOKMARK [2][-]{subsection.4.3.2}{\376\377\0004\000.\0003\000.\0002\000\040\000D\000e\000f\000i\000n\000i\000c\000i\000\363\000n\000\040\000d\000e\000\040\000p\000a\000r\000\341\000m\000e\000t\000r\000o\000s}{section.4.3}% 57
\BOOKMARK [2][-]{subsection.4.3.3}{\376\377\0004\000.\0003\000.\0003\000\040\000C\000o\000m\000p\000i\000l\000a\000c\000i\000\363\000n\000\040\000d\000e\000l\000\040\000C\000\363\000d\000i\000g\000o\000\040\000C\000\040\000g\000e\000n\000e\000r\000a\000d\000o}{section.4.3}% 58
\BOOKMARK [1][-]{section.4.4}{\376\377\0004\000.\0004\000\040\000F\000l\000u\000j\000o\000\040\000d\000e\000\040\000T\000r\000a\000b\000a\000j\000o\000\040\000E\000m\000b\000e\000d\000S\000y\000n\000t\000h\000G\000N\000C}{chapter.4}% 59
\BOOKMARK [2][-]{subsection.4.4.1}{\376\377\0004\000.\0004\000.\0001\000\040\000C\000r\000e\000a\000c\000i\000\363\000n\000\040\000d\000e\000\040\000u\000n\000a\000\040\000c\000a\000p\000a\000\040\000d\000e\000\040\000y\000o\000c\000t\000o}{section.4.4}% 60
\BOOKMARK [2][-]{subsection.4.4.2}{\376\377\0004\000.\0004\000.\0002\000\040\000C\000a\000s\000o\000\040\000d\000e\000\040\000e\000s\000t\000u\000d\000i\000o\000\040\0001\000\040\000-\000\040\000F\000i\000l\000t\000r\000o\000\040\000B\000\341\000s\000i\000c\000o\000\040\000e\000n\000\040\000Z\000e\000d\000B\000o\000a\000r\000d}{section.4.4}% 61
\BOOKMARK [2][-]{subsection.4.4.3}{\376\377\0004\000.\0004\000.\0003\000\040\000I\000n\000t\000e\000g\000r\000a\000c\000i\000\363\000n\000\040\000d\000e\000l\000\040\000p\000r\000o\000g\000r\000a\000m\000a\000\040\000g\000e\000n\000e\000r\000a\000d\000o\000\040\000a\000\040\000l\000a\000\040\000c\000a\000p\000a\000\040\000d\000e\000\040\000Y\000o\000c\000t\000o}{section.4.4}% 62
\BOOKMARK [2][-]{subsection.4.4.4}{\376\377\0004\000.\0004\000.\0004\000\040\000G\000e\000n\000e\000r\000a\000c\000i\000\363\000n\000\040\000d\000e\000\040\000l\000a\000\040\000i\000m\000a\000g\000e\000n}{section.4.4}% 63
\BOOKMARK [2][-]{subsection.4.4.5}{\376\377\0004\000.\0004\000.\0005\000\040\000I\000m\000p\000l\000e\000m\000e\000n\000t\000a\000c\000i\000\363\000n\000\040\000d\000e\000\040\000l\000a\000\040\000i\000m\000a\000g\000e\000n\000\040\000m\000\355\000n\000i\000m\000a\000\040\000e\000n\000\040\000l\000a\000\040\000t\000a\000r\000j\000e\000t\000a\000\040\000d\000e\000\040\000d\000e\000s\000a\000r\000r\000o\000l\000l\000o\000\040\000Z\000e\000d\000b\000o\000a\000r\000d}{section.4.4}% 64
\BOOKMARK [2][-]{subsection.4.4.6}{\376\377\0004\000.\0004\000.\0006\000\040\000C\000o\000n\000e\000x\000i\000\363\000n\000\040\000d\000e\000\040\000l\000a\000\040\000t\000a\000r\000j\000e\000t\000a\000\040\000d\000e\000\040\000d\000e\000s\000a\000r\000r\000o\000l\000l\000o\000\040\000c\000o\000n\000\040\000e\000l\000\040\000c\000o\000m\000p\000u\000t\000a\000d\000o\000r\000\040\000h\000o\000s\000t}{section.4.4}% 65
\BOOKMARK [2][-]{subsection.4.4.7}{\376\377\0004\000.\0004\000.\0007\000\040\000E\000j\000e\000c\000u\000c\000i\000\363\000n\000\040\000d\000e\000l\000\040\000c\000a\000s\000o\000\040\000d\000e\000\040\000e\000s\000t\000u\000d\000i\000o\000\040\000y\000\040\000r\000e\000s\000u\000l\000t\000a\000d\000o\000s}{section.4.4}% 66
\BOOKMARK [2][-]{subsection.4.4.8}{\376\377\0004\000.\0004\000.\0008\000\040\000C\000o\000m\000p\000a\000r\000a\000c\000i\000\363\000n\000\040\000d\000e\000\040\000r\000e\000s\000u\000l\000t\000a\000d\000o\000s}{section.4.4}% 67
\BOOKMARK [1][-]{section.4.5}{\376\377\0004\000.\0005\000\040\000R\000e\000f\000l\000e\000x\000i\000\363\000n\000\040\000f\000i\000n\000a\000l}{chapter.4}% 68
\BOOKMARK [0][-]{chapter.5}{\376\377\0005\000\040\000C\000a\000s\000o\000\040\000d\000e\000\040\000e\000s\000t\000u\000d\000i\000o\000\040\000I\000M\000U\000\040\000y\000\040\000P\000I\000D}{}% 69
\BOOKMARK [1][-]{section.5.1}{\376\377\0005\000.\0001\000\040\000C\000a\000s\000o\000\040\000d\000e\000\040\000e\000s\000t\000u\000d\000i\000o\000\040\0002\000\040\000-\000\040\000I\000M\000U}{chapter.5}% 70
\BOOKMARK [2][-]{subsection.5.1.1}{\376\377\0005\000.\0001\000.\0001\000\040\000I\000m\000p\000l\000e\000m\000e\000n\000t\000a\000c\000i\000\363\000n\000\040\000e\000n\000\040\000M\000A\000T\000L\000A\000B\000\040\000S\000i\000m\000u\000l\000i\000n\000k}{section.5.1}% 71
\BOOKMARK [2][-]{subsection.5.1.2}{\376\377\0005\000.\0001\000.\0002\000\040\000B\000l\000o\000q\000u\000e\000s\000\040\000u\000t\000i\000l\000i\000z\000a\000d\000o\000s\000\040\000p\000a\000r\000a\000\040\000l\000a\000\040\000i\000m\000p\000l\000e\000m\000e\000n\000t\000a\000c\000i\000\363\000n}{section.5.1}% 72
\BOOKMARK [2][-]{subsection.5.1.3}{\376\377\0005\000.\0001\000.\0003\000\040\000R\000e\000s\000u\000l\000t\000a\000d\000o\000s\000\040\000d\000e\000\040\000l\000a\000\040\000s\000i\000m\000u\000l\000a\000c\000i\000\363\000n}{section.5.1}% 73
\BOOKMARK [2][-]{subsection.5.1.4}{\376\377\0005\000.\0001\000.\0004\000\040\000I\000m\000p\000l\000e\000m\000e\000n\000t\000a\000c\000i\000\363\000n\000\040\000e\000n\000\040\000l\000a\000\040\000T\000a\000r\000j\000e\000t\000a\000\040\000d\000e\000\040\000d\000e\000s\000a\000r\000r\000o\000l\000l\000o\000\040\000m\000e\000d\000i\000a\000n\000t\000e\000\040\000E\000m\000b\000e\000d\000S\000y\000n\000t\000h\000G\000N\000C}{section.5.1}% 74
\BOOKMARK [2][-]{subsection.5.1.5}{\376\377\0005\000.\0001\000.\0005\000\040\000R\000e\000s\000u\000l\000t\000a\000d\000o\000s\000\040\000d\000e\000\040\000l\000a\000\040\000i\000m\000p\000l\000e\000m\000e\000n\000t\000a\000c\000i\000\363\000n}{section.5.1}% 75
\BOOKMARK [1][-]{section.5.2}{\376\377\0005\000.\0002\000\040\000C\000a\000s\000o\000\040\000d\000e\000\040\000e\000s\000t\000u\000d\000i\000o\000\040\0003\000\040\000-\000\040\000P\000I\000D}{chapter.5}% 76
\BOOKMARK [2][-]{subsection.5.2.1}{\376\377\0005\000.\0002\000.\0001\000\040\000I\000m\000p\000l\000e\000m\000e\000n\000t\000a\000c\000i\000\363\000n\000\040\000e\000n\000\040\000M\000A\000T\000L\000A\000B\000\040\000S\000i\000m\000u\000l\000i\000n\000k}{section.5.2}% 77
\BOOKMARK [2][-]{subsection.5.2.2}{\376\377\0005\000.\0002\000.\0002\000\040\000B\000l\000o\000q\000u\000e\000s\000\040\000u\000t\000i\000l\000i\000z\000a\000d\000o\000s\000\040\000p\000a\000r\000a\000\040\000l\000a\000\040\000i\000m\000p\000l\000e\000m\000e\000n\000t\000a\000c\000i\000\363\000n}{section.5.2}% 78
\BOOKMARK [2][-]{subsection.5.2.3}{\376\377\0005\000.\0002\000.\0003\000\040\000I\000m\000p\000l\000e\000m\000e\000n\000t\000a\000c\000i\000\363\000n\000\040\000e\000n\000\040\000l\000a\000\040\000T\000a\000r\000j\000e\000t\000a\000\040\000d\000e\000\040\000d\000e\000s\000a\000r\000r\000o\000l\000l\000o\000\040\000m\000e\000d\000i\000a\000n\000t\000e\000\040\000E\000m\000b\000e\000d\000S\000y\000n\000t\000h\000G\000N\000C}{section.5.2}% 79
\BOOKMARK [0][-]{chapter.6}{\376\377\0006\000\040\000C\000o\000n\000c\000l\000u\000s\000i\000o\000n\000e\000s}{}% 80
\BOOKMARK [0][-]{chapter*.88}{\376\377\000B\000i\000b\000l\000i\000o\000g\000r\000a\000f\000\355\000a}{}% 81
\BOOKMARK [0][-]{appendix.Alph1}{\376\377\000A\000\040\000M\000\351\000t\000r\000i\000c\000a\000s\000\040\000d\000e\000\040\000c\000o\000m\000p\000a\000r\000a\000c\000i\000\363\000n\000\040\000d\000e\000\040\000s\000e\000\361\000a\000l\000e\000s}{}% 82
